# JRE version: OpenJDK Runtime Environment (8.0_242-b01) (build 1.8.0_242-release-1644-b01)
# Java VM: OpenJDK 64-Bit Server VM (25.242-b01 mixed mode windows-amd64 compressed oops)
Heap:
 PSYoungGen      total 35328K, used 17479K [0x00000000e0000000, 0x00000000e2c80000, 0x0000000100000000)
  eden space 27136K, 50% used [0x00000000e0000000,0x00000000e0d69cb0,0x00000000e1a80000)
  from space 8192K, 45% used [0x00000000e2480000,0x00000000e2828030,0x00000000e2c80000)
  to   space 9216K, 0% used [0x00000000e1a80000,0x00000000e1a80000,0x00000000e2380000)
 ParOldGen       total 49664K, used 13334K [0x00000000a0000000, 0x00000000a3080000, 0x00000000e0000000)
  object space 49664K, 26% used [0x00000000a0000000,0x00000000a0d05a80,0x00000000a3080000)
 Metaspace       used 36835K, capacity 38320K, committed 38360K, reserved 1083392K
  class space    used 5042K, capacity 5355K, committed 5376K, reserved 1048576K
GC Heap History (10 events):
Event: 270.649 GC heap before
{Heap before GC invocations=14 (full 1):
 PSYoungGen      total 38912K, used 5559K [0x00000000e0000000, 0x00000000e3080000, 0x0000000100000000)
  eden space 29184K, 11% used [0x00000000e0000000,0x00000000e0345550,0x00000000e1c80000)
  from space 9728K, 22% used [0x00000000e2700000,0x00000000e2928a78,0x00000000e3080000)
  to   space 10240K, 0% used [0x00000000e1c80000,0x00000000e1c80000,0x00000000e2680000)
 ParOldGen       total 43520K, used 12384K [0x00000000a0000000, 0x00000000a2a80000, 0x00000000e0000000)
  object space 43520K, 28% used [0x00000000a0000000,0x00000000a0c18348,0x00000000a2a80000)
 Metaspace       used 34274K, capacity 35380K, committed 35416K, reserved 1079296K
  class space    used 4714K, capacity 4969K, committed 4992K, reserved 1048576K
Event: 270.651 GC heap after
Heap after GC invocations=14 (full 1):
 PSYoungGen      total 38912K, used 288K [0x00000000e0000000, 0x00000000e3100000, 0x0000000100000000)
  eden space 28672K, 0% used [0x00000000e0000000,0x00000000e0000000,0x00000000e1c00000)
  from space 10240K, 2% used [0x00000000e1c80000,0x00000000e1cc8000,0x00000000e2680000)
  to   space 10752K, 0% used [0x00000000e2680000,0x00000000e2680000,0x00000000e3100000)
 ParOldGen       total 43520K, used 13328K [0x00000000a0000000, 0x00000000a2a80000, 0x00000000e0000000)
  object space 43520K, 30% used [0x00000000a0000000,0x00000000a0d04348,0x00000000a2a80000)
 Metaspace       used 34274K, capacity 35380K, committed 35416K, reserved 1079296K
  class space    used 4714K, capacity 4969K, committed 4992K, reserved 1048576K
}
Event: 270.651 GC heap before
{Heap before GC invocations=15 (full 2):
 PSYoungGen      total 38912K, used 288K [0x00000000e0000000, 0x00000000e3100000, 0x0000000100000000)
  eden space 28672K, 0% used [0x00000000e0000000,0x00000000e0000000,0x00000000e1c00000)
  from space 10240K, 2% used [0x00000000e1c80000,0x00000000e1cc8000,0x00000000e2680000)
  to   space 10752K, 0% used [0x00000000e2680000,0x00000000e2680000,0x00000000e3100000)
 ParOldGen       total 43520K, used 13328K [0x00000000a0000000, 0x00000000a2a80000, 0x00000000e0000000)
  object space 43520K, 30% used [0x00000000a0000000,0x00000000a0d04348,0x00000000a2a80000)
 Metaspace       used 34274K, capacity 35380K, committed 35416K, reserved 1079296K
  class space    used 4714K, capacity 4969K, committed 4992K, reserved 1048576K
Event: 270.817 GC heap after
Heap after GC invocations=15 (full 2):
 PSYoungGen      total 38912K, used 0K [0x00000000e0000000, 0x00000000e3100000, 0x0000000100000000)
  eden space 28672K, 0% used [0x00000000e0000000,0x00000000e0000000,0x00000000e1c00000)
  from space 10240K, 0% used [0x00000000e1c80000,0x00000000e1c80000,0x00000000e2680000)
  to   space 10752K, 0% used [0x00000000e2680000,0x00000000e2680000,0x00000000e3100000)
 ParOldGen       total 49664K, used 13310K [0x00000000a0000000, 0x00000000a3080000, 0x00000000e0000000)
  object space 49664K, 26% used [0x00000000a0000000,0x00000000a0cffa80,0x00000000a3080000)
 Metaspace       used 34274K, capacity 35380K, committed 35416K, reserved 1079296K
  class space    used 4714K, capacity 4969K, committed 4992K, reserved 1048576K
}
Event: 296.353 GC heap before
{Heap before GC invocations=16 (full 2):
 PSYoungGen      total 38912K, used 28672K [0x00000000e0000000, 0x00000000e3100000, 0x0000000100000000)
  eden space 28672K, 100% used [0x00000000e0000000,0x00000000e1c00000,0x00000000e1c00000)
  from space 10240K, 0% used [0x00000000e1c80000,0x00000000e1c80000,0x00000000e2680000)
  to   space 10752K, 0% used [0x00000000e2680000,0x00000000e2680000,0x00000000e3100000)
 ParOldGen       total 49664K, used 13310K [0x00000000a0000000, 0x00000000a3080000, 0x00000000e0000000)
  object space 49664K, 26% used [0x00000000a0000000,0x00000000a0cffa80,0x00000000a3080000)
 Metaspace       used 35734K, capacity 36962K, committed 37208K, reserved 1081344K
  class space    used 4898K, capacity 5202K, committed 5248K, reserved 1048576K
Event: 296.356 GC heap after
Heap after GC invocations=16 (full 2):
 PSYoungGen      total 37376K, used 2755K [0x00000000e0000000, 0x00000000e2f80000, 0x0000000100000000)
  eden space 28160K, 0% used [0x00000000e0000000,0x00000000e0000000,0x00000000e1b80000)
  from space 9216K, 29% used [0x00000000e2680000,0x00000000e2930c98,0x00000000e2f80000)
  to   space 10240K, 0% used [0x00000000e1b80000,0x00000000e1b80000,0x00000000e2580000)
 ParOldGen       total 49664K, used 13318K [0x00000000a0000000, 0x00000000a3080000, 0x00000000e0000000)
  object space 49664K, 26% used [0x00000000a0000000,0x00000000a0d01a80,0x00000000a3080000)
 Metaspace       used 35734K, capacity 36962K, committed 37208K, reserved 1081344K
  class space    used 4898K, capacity 5202K, committed 5248K, reserved 1048576K
}
Event: 500.460 GC heap before
{Heap before GC invocations=17 (full 2):
 PSYoungGen      total 37376K, used 30915K [0x00000000e0000000, 0x00000000e2f80000, 0x0000000100000000)
  eden space 28160K, 100% used [0x00000000e0000000,0x00000000e1b80000,0x00000000e1b80000)
  from space 9216K, 29% used [0x00000000e2680000,0x00000000e2930c98,0x00000000e2f80000)
  to   space 10240K, 0% used [0x00000000e1b80000,0x00000000e1b80000,0x00000000e2580000)
 ParOldGen       total 49664K, used 13318K [0x00000000a0000000, 0x00000000a3080000, 0x00000000e0000000)
  object space 49664K, 26% used [0x00000000a0000000,0x00000000a0d01a80,0x00000000a3080000)
 Metaspace       used 36458K, capacity 37864K, committed 38104K, reserved 1081344K
  class space    used 4997K, capacity 5325K, committed 5376K, reserved 1048576K
Event: 500.473 GC heap after
Heap after GC invocations=17 (full 2):
 PSYoungGen      total 31232K, used 3394K [0x00000000e0000000, 0x00000000e2e00000, 0x0000000100000000)
  eden space 27648K, 0% used [0x00000000e0000000,0x00000000e0000000,0x00000000e1b00000)
  from space 3584K, 94% used [0x00000000e1b80000,0x00000000e1ed0b28,0x00000000e1f00000)
  to   space 9728K, 0% used [0x00000000e2480000,0x00000000e2480000,0x00000000e2e00000)
 ParOldGen       total 49664K, used 13326K [0x00000000a0000000, 0x00000000a3080000, 0x00000000e0000000)
  object space 49664K, 26% used [0x00000000a0000000,0x00000000a0d03a80,0x00000000a3080000)
 Metaspace       used 36458K, capacity 37864K, committed 38104K, reserved 1081344K
  class space    used 4997K, capacity 5325K, committed 5376K, reserved 1048576K
}
Event: 1192.961 GC heap before
{Heap before GC invocations=18 (full 2):
 PSYoungGen      total 31232K, used 31042K [0x00000000e0000000, 0x00000000e2e00000, 0x0000000100000000)
  eden space 27648K, 100% used [0x00000000e0000000,0x00000000e1b00000,0x00000000e1b00000)
  from space 3584K, 94% used [0x00000000e1b80000,0x00000000e1ed0b28,0x00000000e1f00000)
  to   space 9728K, 0% used [0x00000000e2480000,0x00000000e2480000,0x00000000e2e00000)
 ParOldGen       total 49664K, used 13326K [0x00000000a0000000, 0x00000000a3080000, 0x00000000e0000000)
  object space 49664K, 26% used [0x00000000a0000000,0x00000000a0d03a80,0x00000000a3080000)
 Metaspace       used 36607K, capacity 38096K, committed 38360K, reserved 1083392K
  class space    used 5011K, capacity 5333K, committed 5376K, reserved 1048576K
Event: 1199.388 GC heap after
Heap after GC invocations=18 (full 2):
 PSYoungGen      total 35328K, used 3744K [0x00000000e0000000, 0x00000000e2c80000, 0x0000000100000000)
  eden space 27136K, 0% used [0x00000000e0000000,0x00000000e0000000,0x00000000e1a80000)
  from space 8192K, 45% used [0x00000000e2480000,0x00000000e2828030,0x00000000e2c80000)
  to   space 9216K, 0% used [0x00000000e1a80000,0x00000000e1a80000,0x00000000e2380000)
 ParOldGen       total 49664K, used 13334K [0x00000000a0000000, 0x00000000a3080000, 0x00000000e0000000)
  object space 49664K, 26% used [0x00000000a0000000,0x00000000a0d05a80,0x00000000a3080000)
 Metaspace       used 36607K, capacity 38096K, committed 38360K, reserved 1083392K
  class space    used 5011K, capacity 5333K, committed 5376K, reserved 1048576K
}

